<?xml version="1.0" encoding="UTF-8"?>
<!-- Generated by org.testng.reporters.JUnitReportReporter -->
<testsuite skipped="0" hostname="RAJI-DELL" name="test.MonthDropDownTest" tests="1" failures="0" timestamp="2022-06-22T18:37:44 CDT" time="3.596" errors="0">
  <testcase name="validateMonthDopDown" time="3.596" classname="test.MonthDropDownTest"/>
  <system-out/>
</testsuite> <!-- test.MonthDropDownTest -->
