<?xml version="1.0" encoding="UTF-8"?>
<!-- Generated by org.testng.reporters.JUnitReportReporter -->
<testsuite skipped="0" hostname="RAJI-DELL" name="test.AddItemTest" tests="2" failures="0" timestamp="2022-06-22T18:40:47 CDT" time="6.107" errors="0">
  <testcase name="userShouldNotBeAbleToAddDuplicates" time="3.264" classname="test.AddItemTest"/>
  <system-out/>
  <testcase name="userShouldBeAbletoAddItem" time="2.843" classname="test.AddItemTest"/>
  <system-out/>
</testsuite> <!-- test.AddItemTest -->
